DEBUG:urllib3.connectionpool:Starting new HTTPS connection (1): clockman.herokuapp.com:443
DEBUG:urllib3.connectionpool:https://clockman.herokuapp.com:443 "POST /userauth/login HTTP/1.1" 200 213
DEBUG:urllib3.connectionpool:Starting new HTTPS connection (1): clockman.herokuapp.com:443
DEBUG:urllib3.connectionpool:https://clockman.herokuapp.com:443 "POST /usersession/get_app_session HTTP/1.1" 200 41
DEBUG:urllib3.connectionpool:Starting new HTTPS connection (1): clockman.herokuapp.com:443
DEBUG:urllib3.connectionpool:https://clockman.herokuapp.com:443 "POST /urltrack/quit_chrome HTTP/1.1" 200 45
DEBUG:urllib3.connectionpool:Starting new HTTPS connection (1): clockman.herokuapp.com:443
DEBUG:urllib3.connectionpool:https://clockman.herokuapp.com:443 "POST /urltrack/save_app HTTP/1.1" 200 45
DEBUG:urllib3.connectionpool:Starting new HTTPS connection (1): clockman.herokuapp.com:443
DEBUG:urllib3.connectionpool:https://clockman.herokuapp.com:443 "POST /urltrack/restore_chrome HTTP/1.1" 200 45
DEBUG:urllib3.connectionpool:Starting new HTTPS connection (1): clockman.herokuapp.com:443
DEBUG:urllib3.connectionpool:https://clockman.herokuapp.com:443 "POST /urltrack/quit_chrome HTTP/1.1" 200 45
DEBUG:urllib3.connectionpool:Starting new HTTPS connection (1): clockman.herokuapp.com:443
DEBUG:urllib3.connectionpool:https://clockman.herokuapp.com:443 "POST /urltrack/restore_chrome HTTP/1.1" 200 45
DEBUG:urllib3.connectionpool:Starting new HTTPS connection (1): clockman.herokuapp.com:443
DEBUG:urllib3.connectionpool:https://clockman.herokuapp.com:443 "POST /urltrack/quit_chrome HTTP/1.1" 200 45
DEBUG:urllib3.connectionpool:Starting new HTTPS connection (1): clockman.herokuapp.com:443
DEBUG:urllib3.connectionpool:https://clockman.herokuapp.com:443 "POST /urltrack/save_app HTTP/1.1" 200 45
DEBUG:urllib3.connectionpool:Starting new HTTPS connection (1): clockman.herokuapp.com:443
DEBUG:urllib3.connectionpool:https://clockman.herokuapp.com:443 "POST /urltrack/save_app HTTP/1.1" 200 45
DEBUG:urllib3.connectionpool:Starting new HTTPS connection (1): clockman.herokuapp.com:443
DEBUG:urllib3.connectionpool:https://clockman.herokuapp.com:443 "POST /urltrack/restore_chrome HTTP/1.1" 200 45
DEBUG:urllib3.connectionpool:Starting new HTTPS connection (1): clockman.herokuapp.com:443
DEBUG:urllib3.connectionpool:https://clockman.herokuapp.com:443 "POST /urltrack/save_app HTTP/1.1" 200 45
DEBUG:urllib3.connectionpool:Starting new HTTPS connection (1): clockman.herokuapp.com:443
DEBUG:urllib3.connectionpool:https://clockman.herokuapp.com:443 "POST /urltrack/save_app HTTP/1.1" 200 45
DEBUG:urllib3.connectionpool:Starting new HTTPS connection (1): clockman.herokuapp.com:443
DEBUG:urllib3.connectionpool:https://clockman.herokuapp.com:443 "POST /urltrack/quit_chrome HTTP/1.1" 200 45
DEBUG:urllib3.connectionpool:Starting new HTTPS connection (1): clockman.herokuapp.com:443
DEBUG:urllib3.connectionpool:https://clockman.herokuapp.com:443 "POST /urltrack/save_app HTTP/1.1" 200 45
DEBUG:urllib3.connectionpool:Starting new HTTPS connection (1): clockman.herokuapp.com:443
DEBUG:urllib3.connectionpool:https://clockman.herokuapp.com:443 "POST /urltrack/restore_chrome HTTP/1.1" 200 45
DEBUG:urllib3.connectionpool:Starting new HTTPS connection (1): clockman.herokuapp.com:443
DEBUG:urllib3.connectionpool:https://clockman.herokuapp.com:443 "POST /urltrack/save_app HTTP/1.1" 200 45
DEBUG:urllib3.connectionpool:Starting new HTTPS connection (1): clockman.herokuapp.com:443
DEBUG:urllib3.connectionpool:https://clockman.herokuapp.com:443 "POST /urltrack/quit_chrome HTTP/1.1" 200 45
DEBUG:urllib3.connectionpool:Starting new HTTPS connection (1): clockman.herokuapp.com:443
DEBUG:urllib3.connectionpool:https://clockman.herokuapp.com:443 "POST /urltrack/quit_chrome HTTP/1.1" 200 45
